<?xml version="1.0" encoding="UTF-8"?>
<!-- Generated by org.testng.reporters.JUnitXMLReporter -->
<testsuite ignored="0" hostname="Nuke-Macbook" failures="0" tests="3" name="Default test" time="21.255" errors="0" timestamp="2021-01-20T00:00:41 WAT">
  <testcase classname="com.test.chaka.loginTest" name="signin" time="0.991"/>
  <testcase classname="com.test.chaka.fundingprocess" name="fundaccnt" time="4.482"/>
  <testcase classname="com.test.chaka.profileUpdate" name="pupdate" time="0.493"/>
</testsuite> <!-- Default test -->
