<?xml version="1.0" encoding="UTF-8"?>
<!-- Generated by org.testng.reporters.JUnitXMLReporter -->
<testsuite ignored="0" hostname="Nuke-Macbook" failures="0" tests="3" name="Default test" time="22.192" errors="0" timestamp="2021-01-19T23:58:50 WAT">
  <testcase classname="com.test.chaka.loginTest" name="signin" time="0.858"/>
  <testcase classname="com.test.chaka.fundingprocess" name="fundaccnt" time="3.434"/>
  <testcase classname="com.test.chaka.profileUpdate" name="pupdate" time="0.478"/>
</testsuite> <!-- Default test -->
