<?xml version="1.0" encoding="UTF-8"?>
<testng-results ignored="0" total="2" passed="2" failed="0" skipped="0">
  <reporter-output>
  </reporter-output>
  <suite started-at="2021-01-19T23:04:57 WAT" name="Default suite" finished-at="2021-01-19T23:05:23 WAT" duration-ms="25143">
    <groups>
    </groups>
    <test started-at="2021-01-19T23:04:57 WAT" name="Default test" finished-at="2021-01-19T23:05:23 WAT" duration-ms="25143">
      <class name="com.test.chaka.fundingprocess">
        <test-method is-config="true" signature="beforerunning()[pri:0, instance:com.test.chaka.fundingprocess@1329eff]" started-at="2021-01-19T23:04:57 WAT" name="beforerunning" finished-at="2021-01-19T23:05:15 WAT" duration-ms="17258" status="PASS">
          <reporter-output>
          </reporter-output>
        </test-method> <!-- beforerunning -->
        <test-method signature="signin()[pri:0, instance:com.test.chaka.fundingprocess@1329eff]" started-at="2021-01-19T23:05:15 WAT" name="signin" finished-at="2021-01-19T23:05:17 WAT" duration-ms="2079" status="PASS">
          <reporter-output>
          </reporter-output>
        </test-method> <!-- signin -->
        <test-method signature="fundaccnt()[pri:1, instance:com.test.chaka.fundingprocess@1329eff]" started-at="2021-01-19T23:05:17 WAT" name="fundaccnt" finished-at="2021-01-19T23:05:23 WAT" duration-ms="5528" status="PASS">
          <reporter-output>
          </reporter-output>
        </test-method> <!-- fundaccnt -->
      </class> <!-- com.test.chaka.fundingprocess -->
    </test> <!-- Default test -->
  </suite> <!-- Default suite -->
</testng-results>
