<?xml version="1.0" encoding="UTF-8"?>
<testng-results ignored="0" total="2" passed="2" failed="0" skipped="0">
  <reporter-output>
  </reporter-output>
  <suite started-at="2021-01-19T22:20:30 WAT" name="Default suite" finished-at="2021-01-19T22:20:49 WAT" duration-ms="18659">
    <groups>
    </groups>
    <test started-at="2021-01-19T22:20:30 WAT" name="Default test" finished-at="2021-01-19T22:20:49 WAT" duration-ms="18659">
      <class name="com.test.chaka.fundingprocess">
        <test-method is-config="true" signature="beforerunning()[pri:0, instance:com.test.chaka.fundingprocess@1329eff]" started-at="2021-01-19T22:20:30 WAT" name="beforerunning" finished-at="2021-01-19T22:20:45 WAT" duration-ms="14825" status="PASS">
          <reporter-output>
          </reporter-output>
        </test-method> <!-- beforerunning -->
        <test-method signature="signin()[pri:0, instance:com.test.chaka.fundingprocess@1329eff]" started-at="2021-01-19T22:20:45 WAT" name="signin" finished-at="2021-01-19T22:20:47 WAT" duration-ms="1183" status="PASS">
          <reporter-output>
          </reporter-output>
        </test-method> <!-- signin -->
        <test-method signature="fundaccnt()[pri:1, instance:com.test.chaka.fundingprocess@1329eff]" started-at="2021-01-19T22:20:47 WAT" name="fundaccnt" finished-at="2021-01-19T22:20:49 WAT" duration-ms="2566" status="PASS">
          <reporter-output>
          </reporter-output>
        </test-method> <!-- fundaccnt -->
      </class> <!-- com.test.chaka.fundingprocess -->
    </test> <!-- Default test -->
  </suite> <!-- Default suite -->
</testng-results>
